[2014-02-27 08:40:01.302] [INFO] pomelo - [32m[/Users/zhanghaojie/Desktop/web_demo/game/game-server/node_modules/pomelo/lib/application.js] [39mapplication inited: "master-server-1"
[2014-02-27 08:40:01.462] [INFO] pomelo - [32m[/Users/zhanghaojie/Desktop/web_demo/game/game-server/node_modules/pomelo/lib/master/starter.js] [39mExecuting /usr/local/bin/node /Users/zhanghaojie/Desktop/web_demo/game/game-server/app.js,env=development,id=connector-server-1,host=127.0.0.1,port=3150,clientPort=3010,frontend=true,serverType=connector locally
[2014-02-27 08:40:01.521] [DEBUG] pomelo - [36m[/Users/zhanghaojie/Desktop/web_demo/game/game-server/node_modules/pomelo/lib/modules/masterwatcher.js] [39mmasterwatcher receive add server event, with server: {"id":"master-server-1","host":"127.0.0.1","port":3005,"pid":22627}
[2014-02-27 08:40:01.523] [INFO] pomelo - [32m[/Users/zhanghaojie/Desktop/web_demo/game/game-server/node_modules/pomelo/lib/application.js] [39m"master-server-1" enter after start...
[2014-02-27 08:40:01.524] [INFO] pomelo - [32m[/Users/zhanghaojie/Desktop/web_demo/game/game-server/node_modules/pomelo/lib/application.js] [39m"master-server-1" finish start
[2014-02-27 08:40:01.524] [INFO] pomelo - [32m[/Users/zhanghaojie/Desktop/web_demo/game/game-server/node_modules/pomelo/lib/application.js] [39m"master-server-1" startup in 218 ms
[2014-02-27 08:40:01.572] [INFO] pomelo - [32m[/Users/zhanghaojie/Desktop/web_demo/game/game-server/node_modules/pomelo/lib/application.js] [39mapplication inited: "connector-server-1"
[2014-02-27 08:40:01.890] [DEBUG] pomelo - [36m[/Users/zhanghaojie/Desktop/web_demo/game/game-server/node_modules/pomelo/lib/modules/masterwatcher.js] [39mmasterwatcher receive add server event, with server: {"main":"/Users/zhanghaojie/Desktop/web_demo/game/game-server/app.js","env":"development","id":"connector-server-1","host":"127.0.0.1","port":3150,"clientPort":3010,"frontend":"true","serverType":"connector","pid":22631}
[2014-02-27 08:40:01.891] [DEBUG] pomelo - [36m[/Users/zhanghaojie/Desktop/web_demo/game/game-server/node_modules/pomelo/lib/modules/monitorwatcher.js] [39m[master-server-1] receive addServer signal: {"action":"addServer","server":{"main":"/Users/zhanghaojie/Desktop/web_demo/game/game-server/app.js","env":"development","id":"connector-server-1","host":"127.0.0.1","port":3150,"clientPort":3010,"frontend":"true","serverType":"connector","pid":22631}}
[2014-02-27 08:40:01.894] [INFO] pomelo - [32m[/Users/zhanghaojie/Desktop/web_demo/game/game-server/node_modules/pomelo/lib/application.js] [39m"connector-server-1" enter after start...
[2014-02-27 08:40:01.896] [INFO] pomelo - [32m[/Users/zhanghaojie/Desktop/web_demo/game/game-server/node_modules/pomelo/lib/application.js] [39m"connector-server-1" finish start
[2014-02-27 08:40:01.896] [INFO] pomelo - [32m[/Users/zhanghaojie/Desktop/web_demo/game/game-server/node_modules/pomelo/lib/application.js] [39m"connector-server-1" startup in 282 ms
[2014-02-27 08:40:01.897] [INFO] pomelo - [32m[/Users/zhanghaojie/Desktop/web_demo/game/game-server/node_modules/pomelo/lib/master/watchdog.js] [39mall servers startup in 591 ms
[2014-02-27 08:40:11.048] [DEBUG] pomelo - [36m[/Users/zhanghaojie/Desktop/web_demo/game/game-server/node_modules/pomelo/lib/components/connector.js] [39m[connector-server-1] getSession session is created with session id: 1
[2014-02-27 08:40:11.057] [DEBUG] pomelo - [36m[/Users/zhanghaojie/Desktop/web_demo/game/game-server/node_modules/pomelo/lib/components/connector.js] [39m[connector-server-1] handleMessage session id: 1, msg: {"id":1,"type":0,"compressRoute":0,"route":"connector.entryHandler.entry","body":{}}
[2014-02-27 08:40:11.058] [DEBUG] pomelo - [36m[/Users/zhanghaojie/Desktop/web_demo/game/game-server/node_modules/pomelo/lib/components/connector.js] [39msession on [connector-server-1] bind with uid: admin
[2014-02-27 08:40:11.059] [DEBUG] pomelo - [36m[/Users/zhanghaojie/Desktop/web_demo/game/game-server/node_modules/pomelo/lib/components/connector.js] [39m[connector-server-1] send message reqId: 1, route: connector.entryHandler.entry, msg: {"code":200,"msg":"welcome admin."}, receivers: [1], opts: {"type":"response","userOptions":{},"isResponse":true}
[2014-02-27 08:40:37.649] [DEBUG] pomelo - [36m[/Users/zhanghaojie/Desktop/web_demo/game/game-server/node_modules/pomelo/lib/common/service/sessionService.js] [39msession on [connector-server-1] is closed with session id: 1
[2014-02-27 08:40:37.801] [DEBUG] pomelo - [36m[/Users/zhanghaojie/Desktop/web_demo/game/game-server/node_modules/pomelo/lib/components/connector.js] [39m[connector-server-1] getSession session is created with session id: 2
[2014-02-27 08:40:37.810] [DEBUG] pomelo - [36m[/Users/zhanghaojie/Desktop/web_demo/game/game-server/node_modules/pomelo/lib/components/connector.js] [39m[connector-server-1] handleMessage session id: 2, msg: {"id":1,"type":0,"compressRoute":0,"route":"connector.entryHandler.entry","body":{}}
[2014-02-27 08:40:37.811] [DEBUG] pomelo - [36m[/Users/zhanghaojie/Desktop/web_demo/game/game-server/node_modules/pomelo/lib/components/connector.js] [39msession on [connector-server-1] bind with uid: admin
[2014-02-27 08:40:37.811] [DEBUG] pomelo - [36m[/Users/zhanghaojie/Desktop/web_demo/game/game-server/node_modules/pomelo/lib/components/connector.js] [39m[connector-server-1] send message reqId: 1, route: connector.entryHandler.entry, msg: {"code":200,"msg":"welcome admin."}, receivers: [2], opts: {"type":"response","userOptions":{},"isResponse":true}
[2014-02-27 08:40:42.098] [DEBUG] pomelo - [36m[/Users/zhanghaojie/Desktop/web_demo/game/game-server/node_modules/pomelo/lib/components/connector.js] [39m[connector-server-1] handleMessage session id: 2, msg: {"id":2,"type":0,"compressRoute":0,"route":"connector.httpHandler.handle","body":{"pathname":"/callback","query":{"token":"\"aaaaa\""}}}
[2014-02-27 08:40:42.099] [DEBUG] pomelo - [36m[/Users/zhanghaojie/Desktop/web_demo/game/game-server/node_modules/pomelo/lib/components/connector.js] [39m[connector-server-1] send message reqId: 2, route: connector.httpHandler.handle, msg: {"code":200,"msg":{"pathname":"/callback","query":{"token":"\"aaaaa\""},"__route__":"connector.httpHandler.handle"}}, receivers: [2], opts: {"type":"response","userOptions":{},"isResponse":true}
[2014-02-27 08:41:17.643] [DEBUG] pomelo - [36m[/Users/zhanghaojie/Desktop/web_demo/game/game-server/node_modules/pomelo/lib/common/service/sessionService.js] [39msession on [connector-server-1] is closed with session id: 2
[2014-02-27 08:41:17.791] [DEBUG] pomelo - [36m[/Users/zhanghaojie/Desktop/web_demo/game/game-server/node_modules/pomelo/lib/components/connector.js] [39m[connector-server-1] getSession session is created with session id: 3
[2014-02-27 08:41:17.797] [DEBUG] pomelo - [36m[/Users/zhanghaojie/Desktop/web_demo/game/game-server/node_modules/pomelo/lib/components/connector.js] [39m[connector-server-1] handleMessage session id: 3, msg: {"id":1,"type":0,"compressRoute":0,"route":"connector.entryHandler.entry","body":{}}
[2014-02-27 08:41:17.798] [DEBUG] pomelo - [36m[/Users/zhanghaojie/Desktop/web_demo/game/game-server/node_modules/pomelo/lib/components/connector.js] [39msession on [connector-server-1] bind with uid: admin
[2014-02-27 08:41:17.798] [DEBUG] pomelo - [36m[/Users/zhanghaojie/Desktop/web_demo/game/game-server/node_modules/pomelo/lib/components/connector.js] [39m[connector-server-1] send message reqId: 1, route: connector.entryHandler.entry, msg: {"code":200,"msg":"welcome admin."}, receivers: [3], opts: {"type":"response","userOptions":{},"isResponse":true}
[2014-02-27 08:41:21.073] [DEBUG] pomelo - [36m[/Users/zhanghaojie/Desktop/web_demo/game/game-server/node_modules/pomelo/lib/components/connector.js] [39m[connector-server-1] handleMessage session id: 3, msg: {"id":2,"type":0,"compressRoute":0,"route":"connector.httpHandler.handle","body":{"pathname":"/callback","query":{"token":"\"aaaaa\""}}}
[2014-02-27 08:41:21.073] [DEBUG] pomelo - [36m[/Users/zhanghaojie/Desktop/web_demo/game/game-server/node_modules/pomelo/lib/components/connector.js] [39m[connector-server-1] send message reqId: 2, route: connector.httpHandler.handle, msg: {"code":200,"msg":{"pathname":"/callback","query":{"token":"\"aaaaa\""},"__route__":"connector.httpHandler.handle"}}, receivers: [3], opts: {"type":"response","userOptions":{},"isResponse":true}
[2014-02-27 08:41:35.120] [DEBUG] pomelo - [36m[/Users/zhanghaojie/Desktop/web_demo/game/game-server/node_modules/pomelo/lib/common/service/sessionService.js] [39msession on [connector-server-1] is closed with session id: 3
[2014-02-27 08:41:35.281] [DEBUG] pomelo - [36m[/Users/zhanghaojie/Desktop/web_demo/game/game-server/node_modules/pomelo/lib/components/connector.js] [39m[connector-server-1] getSession session is created with session id: 4
[2014-02-27 08:41:35.287] [DEBUG] pomelo - [36m[/Users/zhanghaojie/Desktop/web_demo/game/game-server/node_modules/pomelo/lib/components/connector.js] [39m[connector-server-1] handleMessage session id: 4, msg: {"id":1,"type":0,"compressRoute":0,"route":"connector.entryHandler.entry","body":{}}
[2014-02-27 08:41:35.287] [DEBUG] pomelo - [36m[/Users/zhanghaojie/Desktop/web_demo/game/game-server/node_modules/pomelo/lib/components/connector.js] [39msession on [connector-server-1] bind with uid: admin
[2014-02-27 08:41:35.287] [DEBUG] pomelo - [36m[/Users/zhanghaojie/Desktop/web_demo/game/game-server/node_modules/pomelo/lib/components/connector.js] [39m[connector-server-1] send message reqId: 1, route: connector.entryHandler.entry, msg: {"code":200,"msg":"welcome admin."}, receivers: [4], opts: {"type":"response","userOptions":{},"isResponse":true}
[2014-02-27 08:41:42.239] [DEBUG] pomelo - [36m[/Users/zhanghaojie/Desktop/web_demo/game/game-server/node_modules/pomelo/lib/components/connector.js] [39m[connector-server-1] handleMessage session id: 4, msg: {"id":2,"type":0,"compressRoute":0,"route":"connector.httpHandler.handle","body":{"pathname":"/callback","query":{"token":"\"aaaaa\""}}}
[2014-02-27 08:41:42.239] [DEBUG] pomelo - [36m[/Users/zhanghaojie/Desktop/web_demo/game/game-server/node_modules/pomelo/lib/components/connector.js] [39m[connector-server-1] send message reqId: 2, route: connector.httpHandler.handle, msg: {"code":200,"msg":{"pathname":"/callback","query":{"token":"\"aaaaa\""},"__route__":"connector.httpHandler.handle"}}, receivers: [4], opts: {"type":"response","userOptions":{},"isResponse":true}
[2014-02-27 08:41:56.994] [DEBUG] pomelo - [36m[/Users/zhanghaojie/Desktop/web_demo/game/game-server/node_modules/pomelo/lib/common/service/sessionService.js] [39msession on [connector-server-1] is closed with session id: 4
[2014-02-27 08:41:57.148] [DEBUG] pomelo - [36m[/Users/zhanghaojie/Desktop/web_demo/game/game-server/node_modules/pomelo/lib/components/connector.js] [39m[connector-server-1] getSession session is created with session id: 5
[2014-02-27 08:41:57.155] [DEBUG] pomelo - [36m[/Users/zhanghaojie/Desktop/web_demo/game/game-server/node_modules/pomelo/lib/components/connector.js] [39m[connector-server-1] handleMessage session id: 5, msg: {"id":1,"type":0,"compressRoute":0,"route":"connector.entryHandler.entry","body":{}}
[2014-02-27 08:41:57.156] [DEBUG] pomelo - [36m[/Users/zhanghaojie/Desktop/web_demo/game/game-server/node_modules/pomelo/lib/components/connector.js] [39msession on [connector-server-1] bind with uid: admin
[2014-02-27 08:41:57.156] [DEBUG] pomelo - [36m[/Users/zhanghaojie/Desktop/web_demo/game/game-server/node_modules/pomelo/lib/components/connector.js] [39m[connector-server-1] send message reqId: 1, route: connector.entryHandler.entry, msg: {"code":200,"msg":"welcome admin."}, receivers: [5], opts: {"type":"response","userOptions":{},"isResponse":true}
[2014-02-27 08:42:05.964] [DEBUG] pomelo - [36m[/Users/zhanghaojie/Desktop/web_demo/game/game-server/node_modules/pomelo/lib/components/connector.js] [39m[connector-server-1] handleMessage session id: 5, msg: {"id":2,"type":0,"compressRoute":0,"route":"connector.httpHandler.handle","body":{"pathname":"/callback","query":{"token":"\"aaaaa\""}}}
[2014-02-27 08:42:05.965] [DEBUG] pomelo - [36m[/Users/zhanghaojie/Desktop/web_demo/game/game-server/node_modules/pomelo/lib/components/connector.js] [39m[connector-server-1] send message reqId: 2, route: connector.httpHandler.handle, msg: {"code":200,"msg":{"pathname":"/callback","query":{"token":"\"aaaaa\""},"__route__":"connector.httpHandler.handle"}}, receivers: [5], opts: {"type":"response","userOptions":{},"isResponse":true}
[2014-02-27 08:43:40.238] [INFO] pomelo - [32m[/Users/zhanghaojie/Desktop/web_demo/game/game-server/node_modules/pomelo/lib/application.js] [39mapplication inited: "master-server-1"
[2014-02-27 08:43:40.384] [INFO] pomelo - [32m[/Users/zhanghaojie/Desktop/web_demo/game/game-server/node_modules/pomelo/lib/master/starter.js] [39mExecuting /usr/local/bin/node /Users/zhanghaojie/Desktop/web_demo/game/game-server/app.js,env=development,id=connector-server-1,host=127.0.0.1,port=3150,clientPort=3010,frontend=true,serverType=connector locally
[2014-02-27 08:43:40.440] [DEBUG] pomelo - [36m[/Users/zhanghaojie/Desktop/web_demo/game/game-server/node_modules/pomelo/lib/modules/masterwatcher.js] [39mmasterwatcher receive add server event, with server: {"id":"master-server-1","host":"127.0.0.1","port":3005,"pid":24167}
[2014-02-27 08:43:40.442] [INFO] pomelo - [32m[/Users/zhanghaojie/Desktop/web_demo/game/game-server/node_modules/pomelo/lib/application.js] [39m"master-server-1" enter after start...
[2014-02-27 08:43:40.443] [INFO] pomelo - [32m[/Users/zhanghaojie/Desktop/web_demo/game/game-server/node_modules/pomelo/lib/application.js] [39m"master-server-1" finish start
[2014-02-27 08:43:40.443] [INFO] pomelo - [32m[/Users/zhanghaojie/Desktop/web_demo/game/game-server/node_modules/pomelo/lib/application.js] [39m"master-server-1" startup in 202 ms
[2014-02-27 08:43:40.489] [INFO] pomelo - [32m[/Users/zhanghaojie/Desktop/web_demo/game/game-server/node_modules/pomelo/lib/application.js] [39mapplication inited: "connector-server-1"
[2014-02-27 08:43:40.801] [DEBUG] pomelo - [36m[/Users/zhanghaojie/Desktop/web_demo/game/game-server/node_modules/pomelo/lib/modules/masterwatcher.js] [39mmasterwatcher receive add server event, with server: {"main":"/Users/zhanghaojie/Desktop/web_demo/game/game-server/app.js","env":"development","id":"connector-server-1","host":"127.0.0.1","port":3150,"clientPort":3010,"frontend":"true","serverType":"connector","pid":24169}
[2014-02-27 08:43:40.801] [DEBUG] pomelo - [36m[/Users/zhanghaojie/Desktop/web_demo/game/game-server/node_modules/pomelo/lib/modules/monitorwatcher.js] [39m[master-server-1] receive addServer signal: {"action":"addServer","server":{"main":"/Users/zhanghaojie/Desktop/web_demo/game/game-server/app.js","env":"development","id":"connector-server-1","host":"127.0.0.1","port":3150,"clientPort":3010,"frontend":"true","serverType":"connector","pid":24169}}
[2014-02-27 08:43:40.805] [INFO] pomelo - [32m[/Users/zhanghaojie/Desktop/web_demo/game/game-server/node_modules/pomelo/lib/application.js] [39m"connector-server-1" enter after start...
[2014-02-27 08:43:40.807] [INFO] pomelo - [32m[/Users/zhanghaojie/Desktop/web_demo/game/game-server/node_modules/pomelo/lib/application.js] [39m"connector-server-1" finish start
[2014-02-27 08:43:40.807] [INFO] pomelo - [32m[/Users/zhanghaojie/Desktop/web_demo/game/game-server/node_modules/pomelo/lib/application.js] [39m"connector-server-1" startup in 274 ms
[2014-02-27 08:43:40.808] [INFO] pomelo - [32m[/Users/zhanghaojie/Desktop/web_demo/game/game-server/node_modules/pomelo/lib/master/watchdog.js] [39mall servers startup in 567 ms
[2014-02-27 08:43:45.921] [DEBUG] pomelo - [36m[/Users/zhanghaojie/Desktop/web_demo/game/game-server/node_modules/pomelo/lib/components/connector.js] [39m[connector-server-1] getSession session is created with session id: 1
[2014-02-27 08:43:45.928] [DEBUG] pomelo - [36m[/Users/zhanghaojie/Desktop/web_demo/game/game-server/node_modules/pomelo/lib/components/connector.js] [39m[connector-server-1] handleMessage session id: 1, msg: {"id":1,"type":0,"compressRoute":0,"route":"connector.entryHandler.entry","body":{}}
[2014-02-27 08:43:45.929] [DEBUG] pomelo - [36m[/Users/zhanghaojie/Desktop/web_demo/game/game-server/node_modules/pomelo/lib/components/connector.js] [39msession on [connector-server-1] bind with uid: edword
[2014-02-27 08:43:45.930] [DEBUG] pomelo - [36m[/Users/zhanghaojie/Desktop/web_demo/game/game-server/node_modules/pomelo/lib/components/connector.js] [39m[connector-server-1] send message reqId: 1, route: connector.entryHandler.entry, msg: {"code":200,"msg":"welcome admin."}, receivers: [1], opts: {"type":"response","userOptions":{},"isResponse":true}
[2014-02-27 08:43:49.711] [DEBUG] pomelo - [36m[/Users/zhanghaojie/Desktop/web_demo/game/game-server/node_modules/pomelo/lib/components/connector.js] [39m[connector-server-1] handleMessage session id: 1, msg: {"id":2,"type":0,"compressRoute":0,"route":"connector.httpHandler.handle","body":{"pathname":"/callback","query":{"token":"\"aaaaa\""}}}
[2014-02-27 08:43:49.711] [DEBUG] pomelo - [36m[/Users/zhanghaojie/Desktop/web_demo/game/game-server/node_modules/pomelo/lib/components/connector.js] [39m[connector-server-1] send message reqId: 2, route: connector.httpHandler.handle, msg: {"code":500,"msg":"failed"}, receivers: [1], opts: {"type":"response","userOptions":{},"isResponse":true}
[2014-02-27 08:47:00.528] [DEBUG] pomelo - [36m[/Users/zhanghaojie/Desktop/web_demo/game/game-server/node_modules/pomelo/lib/common/service/sessionService.js] [39msession on [connector-server-1] is closed with session id: 1
[2014-02-27 08:47:00.676] [DEBUG] pomelo - [36m[/Users/zhanghaojie/Desktop/web_demo/game/game-server/node_modules/pomelo/lib/components/connector.js] [39m[connector-server-1] getSession session is created with session id: 2
[2014-02-27 08:47:00.682] [DEBUG] pomelo - [36m[/Users/zhanghaojie/Desktop/web_demo/game/game-server/node_modules/pomelo/lib/components/connector.js] [39m[connector-server-1] handleMessage session id: 2, msg: {"id":1,"type":0,"compressRoute":0,"route":"connector.entryHandler.entry","body":{}}
[2014-02-27 08:47:00.683] [DEBUG] pomelo - [36m[/Users/zhanghaojie/Desktop/web_demo/game/game-server/node_modules/pomelo/lib/components/connector.js] [39msession on [connector-server-1] bind with uid: edword
[2014-02-27 08:47:00.684] [DEBUG] pomelo - [36m[/Users/zhanghaojie/Desktop/web_demo/game/game-server/node_modules/pomelo/lib/components/connector.js] [39m[connector-server-1] send message reqId: 1, route: connector.entryHandler.entry, msg: {"code":200,"msg":"welcome admin."}, receivers: [2], opts: {"type":"response","userOptions":{},"isResponse":true}
[2014-02-27 08:51:06.534] [WARN] pomelo - [33m[/Users/zhanghaojie/Desktop/web_demo/game/game-server/node_modules/pomelo/lib/components/protobuf.js] [39mchange proto file error! path : "/Users/zhanghaojie/Desktop/web_demo/game/game-server/config/clientProtos.json"
[2014-02-27 08:51:06.536] [WARN] pomelo - [33m[/Users/zhanghaojie/Desktop/web_demo/game/game-server/node_modules/pomelo/lib/components/protobuf.js] [39mSyntaxError: Unexpected token u
[2014-02-27 08:51:06.536] [WARN] pomelo - [33m[/Users/zhanghaojie/Desktop/web_demo/game/game-server/node_modules/pomelo/lib/components/protobuf.js] [39mchange proto file error! path : "/Users/zhanghaojie/Desktop/web_demo/game/game-server/config/serverProtos.json"
[2014-02-27 08:51:06.536] [WARN] pomelo - [33m[/Users/zhanghaojie/Desktop/web_demo/game/game-server/node_modules/pomelo/lib/components/protobuf.js] [39mSyntaxError: Unexpected token u
